[debug] [2023-03-20T15:30:26.925Z] ----------------------------------------------------------------------
[debug] [2023-03-20T15:30:26.927Z] Command:       C:\Program Files\nodejs\node.exe C:\Users\Afolabi Temilola\AppData\Roaming\npm\node_modules\firebase-tools\lib\bin\firebase.js init
[debug] [2023-03-20T15:30:26.927Z] CLI Version:   11.24.1
[debug] [2023-03-20T15:30:26.927Z] Platform:      win32
[debug] [2023-03-20T15:30:26.927Z] Node Version:  v18.12.1
[debug] [2023-03-20T15:30:26.928Z] Time:          Mon Mar 20 2023 16:30:26 GMT+0100 (West Africa Standard Time)
[debug] [2023-03-20T15:30:26.928Z] ----------------------------------------------------------------------
[debug] 
[debug] [2023-03-20T15:30:26.934Z] > command requires scopes: ["email","openid","https://www.googleapis.com/auth/cloudplatformprojects.readonly","https://www.googleapis.com/auth/firebase","https://www.googleapis.com/auth/cloud-platform"]
[debug] [2023-03-20T15:30:26.934Z] > authorizing via signed-in user (temiafolabi06@gmail.com)
[info] 
     ######## #### ########  ######## ########     ###     ######  ########
     ##        ##  ##     ## ##       ##     ##  ##   ##  ##       ##
     ######    ##  ########  ######   ########  #########  ######  ######
     ##        ##  ##    ##  ##       ##     ## ##     ##       ## ##
     ##       #### ##     ## ######## ########  ##     ##  ######  ########

You're about to initialize a Firebase project in this directory:

  C:\Users\Afolabi Temilola\tech-space

[info] 
=== Project Setup
[info] 
[info] First, let's associate this project directory with a Firebase project.
[info] You can create multiple project aliases by running firebase use --add, 
[info] but for now we'll just set up a default project.
[info] 
[debug] [2023-03-20T15:30:51.342Z] >>> [apiv2][query] GET https://firebase.googleapis.com/v1beta1/projects pageSize=100
[debug] [2023-03-20T15:30:52.665Z] <<< [apiv2][status] GET https://firebase.googleapis.com/v1beta1/projects 200
[debug] [2023-03-20T15:30:52.665Z] <<< [apiv2][body] GET https://firebase.googleapis.com/v1beta1/projects [omitted]
[info] i  Using project techspace-9a698 (techSpace) 
[info] 
=== Hosting Setup
[info] 
[info] Your public directory is the folder (relative to your project directory) that
[info] will contain Hosting assets to be uploaded with firebase deploy. If you
[info] have a build process for your assets, use your build's output directory.
[info] 
[debug] [2023-03-20T15:32:38.441Z] >>> [apiv2][query] GET https://www.gstatic.com/firebasejs/releases.json [none]
[debug] [2023-03-20T15:32:38.827Z] <<< [apiv2][status] GET https://www.gstatic.com/firebasejs/releases.json 200
